2024-08-24 10:51:58,873 CPU Usage: 7.6%
2024-08-24 10:51:58,874 Memory Usage: 88.5%
2024-08-24 10:51:58,874 Disk Usage: 58.7%
2024-08-24 10:51:58,874 Bytes Sent: 220820304
2024-08-24 10:51:58,874 Bytes Received: 2837982841
2024-08-24 10:52:09,890 CPU Usage: 10.0%
2024-08-24 10:52:09,890 Memory Usage: 88.5%
2024-08-24 10:52:09,890 Disk Usage: 58.7%
2024-08-24 10:52:09,890 Bytes Sent: 220827542
2024-08-24 10:52:09,890 Bytes Received: 2838004432
2024-08-24 10:52:20,910 CPU Usage: 11.6%
2024-08-24 10:52:20,910 Memory Usage: 88.5%
2024-08-24 10:52:20,910 Disk Usage: 58.7%
2024-08-24 10:52:20,910 Bytes Sent: 220827650
2024-08-24 10:52:20,912 Bytes Received: 2838014198
2024-08-24 10:52:31,931 CPU Usage: 11.8%
2024-08-24 10:52:31,931 Memory Usage: 88.7%
2024-08-24 10:52:31,931 Disk Usage: 58.7%
2024-08-24 10:52:31,931 Bytes Sent: 220852391
2024-08-24 10:52:31,931 Bytes Received: 2838032889
2024-08-24 10:52:42,956 CPU Usage: 18.0%
2024-08-24 10:52:42,956 Memory Usage: 88.9%
2024-08-24 10:52:42,956 Disk Usage: 58.7%
2024-08-24 10:52:42,956 Bytes Sent: 220859920
2024-08-24 10:52:42,956 Bytes Received: 2838060536
2024-08-24 10:52:53,976 CPU Usage: 9.7%
2024-08-24 10:52:53,976 Memory Usage: 88.9%
2024-08-24 10:52:53,976 Disk Usage: 58.7%
2024-08-24 10:52:53,976 Bytes Sent: 220869077
2024-08-24 10:52:53,976 Bytes Received: 2838072486
2024-08-24 10:53:05,005 CPU Usage: 10.9%
2024-08-24 10:53:05,006 Memory Usage: 89.2%
2024-08-24 10:53:05,006 Disk Usage: 58.7%
2024-08-24 10:53:05,006 Bytes Sent: 220929324
2024-08-24 10:53:05,006 Bytes Received: 2838594160
2024-08-24 10:53:16,024 CPU Usage: 9.0%
2024-08-24 10:53:16,024 Memory Usage: 89.2%
2024-08-24 10:53:16,024 Disk Usage: 58.7%
2024-08-24 10:53:16,024 Bytes Sent: 220968722
2024-08-24 10:53:16,024 Bytes Received: 2841205824
2024-08-24 10:53:27,047 CPU Usage: 12.5%
2024-08-24 10:53:27,047 Memory Usage: 89.5%
2024-08-24 10:53:27,047 Disk Usage: 58.7%
2024-08-24 10:53:27,047 Bytes Sent: 221011620
2024-08-24 10:53:27,047 Bytes Received: 2845316270
2024-08-24 10:53:38,065 CPU Usage: 9.3%
2024-08-24 10:53:38,065 Memory Usage: 89.1%
2024-08-24 10:53:38,065 Disk Usage: 58.7%
2024-08-24 10:53:38,065 Bytes Sent: 221037472
2024-08-24 10:53:38,065 Bytes Received: 2845323925
2024-08-24 10:53:49,083 CPU Usage: 11.4%
2024-08-24 10:53:49,083 Memory Usage: 89.8%
2024-08-24 10:53:49,083 Disk Usage: 58.7%
2024-08-24 10:53:49,083 Bytes Sent: 221049289
2024-08-24 10:53:49,083 Bytes Received: 2845366026
2024-08-24 10:54:00,134 CPU Usage: 9.3%
2024-08-24 10:54:00,134 Memory Usage: 90.9%
2024-08-24 10:54:00,135 Disk Usage: 58.7%
2024-08-24 10:54:00,135 Bytes Sent: 221054864
2024-08-24 10:54:00,135 Bytes Received: 2845368456
2024-08-24 10:54:11,162 CPU Usage: 9.7%
2024-08-24 10:54:11,162 Memory Usage: 90.9%
2024-08-24 10:54:11,162 Disk Usage: 58.7%
2024-08-24 10:54:11,162 Bytes Sent: 221066690
2024-08-24 10:54:11,162 Bytes Received: 2845391701
2024-08-24 10:54:22,179 CPU Usage: 10.3%
2024-08-24 10:54:22,179 Memory Usage: 90.7%
2024-08-24 10:54:22,179 Disk Usage: 58.7%
2024-08-24 10:54:22,179 Bytes Sent: 221073588
2024-08-24 10:54:22,179 Bytes Received: 2845409501
2024-08-24 10:54:33,198 CPU Usage: 11.9%
2024-08-24 10:54:33,199 Memory Usage: 90.3%
2024-08-24 10:54:33,199 Disk Usage: 58.7%
2024-08-24 10:54:33,199 Bytes Sent: 221089432
2024-08-24 10:54:33,199 Bytes Received: 2845423975
2024-08-24 10:54:44,226 CPU Usage: 7.8%
2024-08-24 10:54:44,226 Memory Usage: 90.8%
2024-08-24 10:54:44,227 Disk Usage: 58.7%
2024-08-24 10:54:44,227 Bytes Sent: 221109280
2024-08-24 10:54:44,227 Bytes Received: 2845460316
2024-08-24 10:54:55,243 CPU Usage: 3.9%
2024-08-24 10:54:55,243 Memory Usage: 91.5%
2024-08-24 10:54:55,243 Disk Usage: 58.7%
2024-08-24 10:54:55,243 Bytes Sent: 221123997
2024-08-24 10:54:55,243 Bytes Received: 2845478674
2024-08-24 10:55:06,274 CPU Usage: 10.9%
2024-08-24 10:55:06,275 Memory Usage: 90.9%
2024-08-24 10:55:06,275 Disk Usage: 58.7%
2024-08-24 10:55:06,275 Bytes Sent: 221132542
2024-08-24 10:55:06,275 Bytes Received: 2845501903
2024-08-24 10:55:17,293 CPU Usage: 10.7%
2024-08-24 10:55:17,293 Memory Usage: 90.3%
2024-08-24 10:55:17,293 Disk Usage: 58.7%
2024-08-24 10:55:17,293 Bytes Sent: 221190036
2024-08-24 10:55:17,293 Bytes Received: 2845556264
2024-08-24 10:55:28,313 CPU Usage: 21.6%
2024-08-24 10:55:28,313 Memory Usage: 88.4%
2024-08-24 10:55:28,313 Disk Usage: 58.7%
2024-08-24 10:55:28,313 Bytes Sent: 221227593
2024-08-24 10:55:28,314 Bytes Received: 2847027949
2024-08-24 10:55:39,356 CPU Usage: 54.1%
2024-08-24 10:55:39,356 Memory Usage: 86.8%
2024-08-24 10:55:39,356 Disk Usage: 58.7%
2024-08-24 10:55:39,356 Bytes Sent: 221258630
2024-08-24 10:55:39,356 Bytes Received: 2848223591
2024-08-24 10:55:50,372 CPU Usage: 8.0%
2024-08-24 10:55:50,372 Memory Usage: 86.8%
2024-08-24 10:55:50,372 Disk Usage: 58.7%
2024-08-24 10:55:50,372 Bytes Sent: 221276461
2024-08-24 10:55:50,372 Bytes Received: 2848259600
2024-08-24 10:56:01,387 CPU Usage: 10.4%
2024-08-24 10:56:01,387 Memory Usage: 86.5%
2024-08-24 10:56:01,387 Disk Usage: 58.7%
2024-08-24 10:56:01,387 Bytes Sent: 221276557
2024-08-24 10:56:01,387 Bytes Received: 2848261545
2024-08-24 10:56:12,499 CPU Usage: 18.9%
2024-08-24 10:56:12,499 Memory Usage: 87.5%
2024-08-24 10:56:12,499 Disk Usage: 58.7%
2024-08-24 10:56:12,499 Bytes Sent: 221293571
2024-08-24 10:56:12,499 Bytes Received: 2848288430
2024-08-24 10:56:23,518 CPU Usage: 9.7%
2024-08-24 10:56:23,518 Memory Usage: 87.2%
2024-08-24 10:56:23,518 Disk Usage: 58.7%
2024-08-24 10:56:23,518 Bytes Sent: 221294047
2024-08-24 10:56:23,518 Bytes Received: 2848289222
2024-08-24 10:56:34,539 CPU Usage: 7.9%
2024-08-24 10:56:34,539 Memory Usage: 87.0%
2024-08-24 10:56:34,540 Disk Usage: 58.7%
2024-08-24 10:56:34,540 Bytes Sent: 221300579
2024-08-24 10:56:34,540 Bytes Received: 2848302070
2024-08-24 10:56:45,559 CPU Usage: 11.1%
2024-08-24 10:56:45,559 Memory Usage: 86.9%
2024-08-24 10:56:45,559 Disk Usage: 58.7%
2024-08-24 10:56:45,559 Bytes Sent: 221300699
2024-08-24 10:56:45,559 Bytes Received: 2848325986
2024-08-24 10:56:56,587 CPU Usage: 8.6%
2024-08-24 10:56:56,587 Memory Usage: 87.6%
2024-08-24 10:56:56,587 Disk Usage: 58.7%
2024-08-24 10:56:56,587 Bytes Sent: 221317065
2024-08-24 10:56:56,587 Bytes Received: 2848334573
2024-08-24 10:57:07,601 CPU Usage: 9.9%
2024-08-24 10:57:07,601 Memory Usage: 87.8%
2024-08-24 10:57:07,601 Disk Usage: 58.7%
2024-08-24 10:57:07,601 Bytes Sent: 221334219
2024-08-24 10:57:07,601 Bytes Received: 2848352257
2024-08-24 10:57:18,620 CPU Usage: 7.9%
2024-08-24 10:57:18,620 Memory Usage: 87.3%
2024-08-24 10:57:18,620 Disk Usage: 58.7%
2024-08-24 10:57:18,620 Bytes Sent: 221340813
2024-08-24 10:57:18,620 Bytes Received: 2848380723
2024-08-24 10:57:29,645 CPU Usage: 11.9%
2024-08-24 10:57:29,645 Memory Usage: 87.7%
2024-08-24 10:57:29,645 Disk Usage: 58.7%
2024-08-24 10:57:29,645 Bytes Sent: 221346494
2024-08-24 10:57:29,645 Bytes Received: 2848385544
2024-08-24 10:57:40,668 CPU Usage: 10.0%
2024-08-24 10:57:40,668 Memory Usage: 87.8%
2024-08-24 10:57:40,668 Disk Usage: 58.7%
2024-08-24 10:57:40,668 Bytes Sent: 221353179
2024-08-24 10:57:40,668 Bytes Received: 2848405899
2024-08-24 10:57:51,682 CPU Usage: 9.5%
2024-08-24 10:57:51,682 Memory Usage: 87.6%
2024-08-24 10:57:51,682 Disk Usage: 58.7%
2024-08-24 10:57:51,682 Bytes Sent: 221364796
2024-08-24 10:57:51,682 Bytes Received: 2848432722
2024-08-24 10:58:02,699 CPU Usage: 6.2%
2024-08-24 10:58:02,699 Memory Usage: 87.7%
2024-08-24 10:58:02,700 Disk Usage: 58.7%
2024-08-24 10:58:02,700 Bytes Sent: 221387613
2024-08-24 10:58:02,700 Bytes Received: 2848450062
2024-08-24 10:58:13,718 CPU Usage: 6.2%
2024-08-24 10:58:13,718 Memory Usage: 91.2%
2024-08-24 10:58:13,718 Disk Usage: 58.7%
2024-08-24 10:58:13,718 Bytes Sent: 221503465
2024-08-24 10:58:13,718 Bytes Received: 2849223718
2024-08-24 10:58:24,745 CPU Usage: 8.6%
2024-08-24 10:58:24,745 Memory Usage: 92.1%
2024-08-24 10:58:24,745 Disk Usage: 58.7%
2024-08-24 10:58:24,745 Bytes Sent: 221542748
2024-08-24 10:58:24,745 Bytes Received: 2851269626
2024-08-24 10:58:35,768 CPU Usage: 20.9%
2024-08-24 10:58:35,768 Memory Usage: 90.6%
2024-08-24 10:58:35,768 Disk Usage: 58.7%
2024-08-24 10:58:35,768 Bytes Sent: 221596384
2024-08-24 10:58:35,768 Bytes Received: 2854762668
2024-08-24 10:58:46,784 CPU Usage: 14.8%
2024-08-24 10:58:46,785 Memory Usage: 91.3%
2024-08-24 10:58:46,785 Disk Usage: 58.7%
2024-08-24 10:58:46,785 Bytes Sent: 221623935
2024-08-24 10:58:46,785 Bytes Received: 2854800594
2024-08-24 10:58:57,808 CPU Usage: 9.2%
2024-08-24 10:58:57,808 Memory Usage: 89.8%
2024-08-24 10:58:57,808 Disk Usage: 58.7%
2024-08-24 10:58:57,808 Bytes Sent: 221636427
2024-08-24 10:58:57,808 Bytes Received: 2854808663
2024-08-24 10:59:08,828 CPU Usage: 17.7%
2024-08-24 10:59:08,828 Memory Usage: 92.1%
2024-08-24 10:59:08,828 Disk Usage: 58.7%
2024-08-24 10:59:08,828 Bytes Sent: 221866033
2024-08-24 10:59:08,828 Bytes Received: 2856211530
2024-08-24 10:59:19,845 CPU Usage: 8.4%
2024-08-24 10:59:19,845 Memory Usage: 91.7%
2024-08-24 10:59:19,846 Disk Usage: 58.7%
2024-08-24 10:59:19,846 Bytes Sent: 221883183
2024-08-24 10:59:19,846 Bytes Received: 2856242682
2024-08-24 10:59:30,866 CPU Usage: 7.9%
2024-08-24 10:59:30,867 Memory Usage: 92.6%
2024-08-24 10:59:30,867 Disk Usage: 58.7%
2024-08-24 10:59:30,867 Bytes Sent: 221890511
2024-08-24 10:59:30,867 Bytes Received: 2856256600
2024-08-24 11:00:24,573 CPU Usage: 1.8%
2024-08-24 11:00:24,573 Memory Usage: 89.3%
2024-08-24 11:00:24,574 Disk Usage: 58.7%
2024-08-24 11:00:24,574 Bytes Sent: 221941203
2024-08-24 11:00:24,574 Bytes Received: 2856838708
2024-08-24 11:00:35,592 CPU Usage: 11.0%
2024-08-24 11:00:35,592 Memory Usage: 88.4%
2024-08-24 11:00:35,592 Disk Usage: 58.7%
2024-08-24 11:00:35,592 Bytes Sent: 221941613
2024-08-24 11:00:35,592 Bytes Received: 2856844330
2024-08-24 11:00:46,611 CPU Usage: 10.9%
2024-08-24 11:00:46,611 Memory Usage: 87.7%
2024-08-24 11:00:46,611 Disk Usage: 58.7%
2024-08-24 11:00:46,611 Bytes Sent: 221942603
2024-08-24 11:00:46,611 Bytes Received: 2856867212
2024-08-24 11:00:57,630 CPU Usage: 10.2%
2024-08-24 11:00:57,630 Memory Usage: 88.1%
2024-08-24 11:00:57,630 Disk Usage: 58.7%
2024-08-24 11:00:57,630 Bytes Sent: 221955375
2024-08-24 11:00:57,630 Bytes Received: 2856875730
2024-08-24 11:01:08,648 CPU Usage: 7.0%
2024-08-24 11:01:08,648 Memory Usage: 88.4%
2024-08-24 11:01:08,648 Disk Usage: 58.7%
2024-08-24 11:01:08,648 Bytes Sent: 221962408
2024-08-24 11:01:08,648 Bytes Received: 2856886483
2024-08-24 11:01:19,667 CPU Usage: 12.0%
2024-08-24 11:01:19,667 Memory Usage: 88.5%
2024-08-24 11:01:19,667 Disk Usage: 58.7%
2024-08-24 11:01:19,667 Bytes Sent: 221970388
2024-08-24 11:01:19,667 Bytes Received: 2856915406
2024-08-24 11:01:30,683 CPU Usage: 6.3%
2024-08-24 11:01:30,683 Memory Usage: 90.0%
2024-08-24 11:01:30,683 Disk Usage: 58.7%
2024-08-24 11:01:30,683 Bytes Sent: 221970443
2024-08-24 11:01:30,683 Bytes Received: 2856919588
2024-08-24 11:01:41,707 CPU Usage: 7.8%
2024-08-24 11:01:41,707 Memory Usage: 89.2%
2024-08-24 11:01:41,707 Disk Usage: 58.7%
2024-08-24 11:01:41,707 Bytes Sent: 222000100
2024-08-24 11:01:41,707 Bytes Received: 2856935936
2024-08-24 11:01:52,737 CPU Usage: 10.7%
2024-08-24 11:01:52,737 Memory Usage: 89.4%
2024-08-24 11:01:52,737 Disk Usage: 58.7%
2024-08-24 11:01:52,737 Bytes Sent: 222041453
2024-08-24 11:01:52,737 Bytes Received: 2856958177
2024-08-24 11:02:03,766 CPU Usage: 10.0%
2024-08-24 11:02:03,766 Memory Usage: 90.4%
2024-08-24 11:02:03,766 Disk Usage: 58.7%
2024-08-24 11:02:03,766 Bytes Sent: 222096951
2024-08-24 11:02:03,766 Bytes Received: 2856961808
2024-08-24 11:02:14,783 CPU Usage: 7.9%
2024-08-24 11:02:14,784 Memory Usage: 90.2%
2024-08-24 11:02:14,784 Disk Usage: 58.7%
2024-08-24 11:02:14,784 Bytes Sent: 222097083
2024-08-24 11:02:14,784 Bytes Received: 2856985590
2024-08-24 11:02:25,803 CPU Usage: 9.0%
2024-08-24 11:02:25,803 Memory Usage: 89.9%
2024-08-24 11:02:25,803 Disk Usage: 58.7%
2024-08-24 11:02:25,803 Bytes Sent: 222097344
2024-08-24 11:02:25,803 Bytes Received: 2856989982
2024-08-24 11:02:36,824 CPU Usage: 8.9%
2024-08-24 11:02:36,825 Memory Usage: 89.9%
2024-08-24 11:02:36,825 Disk Usage: 58.7%
2024-08-24 11:02:36,825 Bytes Sent: 222097344
2024-08-24 11:02:36,825 Bytes Received: 2856990933
2024-08-24 11:02:47,841 CPU Usage: 8.1%
2024-08-24 11:02:47,841 Memory Usage: 90.5%
2024-08-24 11:02:47,841 Disk Usage: 58.7%
2024-08-24 11:02:47,841 Bytes Sent: 222104000
2024-08-24 11:02:47,841 Bytes Received: 2857020094
2024-08-24 11:02:58,858 CPU Usage: 8.4%
2024-08-24 11:02:58,858 Memory Usage: 89.8%
2024-08-24 11:02:58,858 Disk Usage: 58.7%
2024-08-24 11:02:58,858 Bytes Sent: 222111942
2024-08-24 11:02:58,859 Bytes Received: 2857022524
2024-08-24 11:03:09,877 CPU Usage: 7.0%
2024-08-24 11:03:09,877 Memory Usage: 89.9%
2024-08-24 11:03:09,878 Disk Usage: 58.7%
2024-08-24 11:03:09,878 Bytes Sent: 222121362
2024-08-24 11:03:09,878 Bytes Received: 2857045681
2024-08-24 11:03:20,901 CPU Usage: 13.2%
2024-08-24 11:03:20,901 Memory Usage: 89.2%
2024-08-24 11:03:20,901 Disk Usage: 58.7%
2024-08-24 11:03:20,901 Bytes Sent: 222121550
2024-08-24 11:03:20,901 Bytes Received: 2857055501
2024-08-24 11:03:31,920 CPU Usage: 11.1%
2024-08-24 11:03:31,920 Memory Usage: 89.1%
2024-08-24 11:03:31,920 Disk Usage: 58.7%
2024-08-24 11:03:31,920 Bytes Sent: 222121550
2024-08-24 11:03:31,920 Bytes Received: 2857059659
2024-08-24 11:03:42,939 CPU Usage: 9.9%
2024-08-24 11:03:42,939 Memory Usage: 89.9%
2024-08-24 11:03:42,939 Disk Usage: 58.7%
2024-08-24 11:03:42,939 Bytes Sent: 222151647
2024-08-24 11:03:42,939 Bytes Received: 2857081022
2024-08-24 11:03:53,958 CPU Usage: 9.2%
2024-08-24 11:03:53,958 Memory Usage: 91.3%
2024-08-24 11:03:53,958 Disk Usage: 58.7%
2024-08-24 11:03:53,958 Bytes Sent: 222185243
2024-08-24 11:03:53,958 Bytes Received: 2857092322
2024-08-24 11:04:04,981 CPU Usage: 8.8%
2024-08-24 11:04:04,982 Memory Usage: 90.7%
2024-08-24 11:04:04,982 Disk Usage: 58.7%
2024-08-24 11:04:04,982 Bytes Sent: 222214944
2024-08-24 11:04:04,982 Bytes Received: 2857099253
2024-08-24 11:04:15,996 CPU Usage: 11.8%
2024-08-24 11:04:15,996 Memory Usage: 91.7%
2024-08-24 11:04:15,996 Disk Usage: 58.7%
2024-08-24 11:04:15,996 Bytes Sent: 222253371
2024-08-24 11:04:15,996 Bytes Received: 2857137928
2024-08-24 11:04:27,017 CPU Usage: 14.9%
2024-08-24 11:04:27,017 Memory Usage: 91.5%
2024-08-24 11:04:27,017 Disk Usage: 58.7%
2024-08-24 11:04:27,017 Bytes Sent: 222288244
2024-08-24 11:04:27,017 Bytes Received: 2857180641
2024-08-24 11:04:38,038 CPU Usage: 10.4%
2024-08-24 11:04:38,038 Memory Usage: 88.5%
2024-08-24 11:04:38,038 Disk Usage: 58.6%
2024-08-24 11:04:38,038 Bytes Sent: 222317631
2024-08-24 11:04:38,038 Bytes Received: 2857226261
2024-08-24 11:04:49,059 CPU Usage: 10.3%
2024-08-24 11:04:49,059 Memory Usage: 87.3%
2024-08-24 11:04:49,059 Disk Usage: 58.6%
2024-08-24 11:04:49,059 Bytes Sent: 222330820
2024-08-24 11:04:49,059 Bytes Received: 2857261739
2024-08-24 11:05:00,077 CPU Usage: 9.3%
2024-08-24 11:05:00,077 Memory Usage: 87.4%
2024-08-24 11:05:00,077 Disk Usage: 58.6%
2024-08-24 11:05:00,077 Bytes Sent: 222330928
2024-08-24 11:05:00,077 Bytes Received: 2857263710
2024-08-24 11:05:11,098 CPU Usage: 8.2%
2024-08-24 11:05:11,098 Memory Usage: 87.4%
2024-08-24 11:05:11,098 Disk Usage: 58.6%
2024-08-24 11:05:11,098 Bytes Sent: 222354504
2024-08-24 11:05:11,098 Bytes Received: 2857295387
2024-08-24 11:05:22,118 CPU Usage: 14.3%
2024-08-24 11:05:22,119 Memory Usage: 86.5%
2024-08-24 11:05:22,119 Disk Usage: 58.6%
2024-08-24 11:05:22,119 Bytes Sent: 222354504
2024-08-24 11:05:22,119 Bytes Received: 2857303811
2024-08-24 11:05:33,142 CPU Usage: 10.3%
2024-08-24 11:05:33,142 Memory Usage: 84.3%
2024-08-24 11:05:33,142 Disk Usage: 58.6%
2024-08-24 11:05:33,142 Bytes Sent: 222426608
2024-08-24 11:05:33,142 Bytes Received: 2857721741
2024-08-24 11:05:44,158 CPU Usage: 8.1%
2024-08-24 11:05:44,158 Memory Usage: 85.2%
2024-08-24 11:05:44,159 Disk Usage: 58.6%
2024-08-24 11:05:44,159 Bytes Sent: 222515679
2024-08-24 11:05:44,159 Bytes Received: 2859213776
2024-08-24 11:05:55,176 CPU Usage: 10.7%
2024-08-24 11:05:55,176 Memory Usage: 86.0%
2024-08-24 11:05:55,176 Disk Usage: 58.6%
2024-08-24 11:05:55,176 Bytes Sent: 222551897
2024-08-24 11:05:55,177 Bytes Received: 2861635258
2024-08-24 11:06:06,197 CPU Usage: 11.1%
2024-08-24 11:06:06,197 Memory Usage: 86.1%
2024-08-24 11:06:06,197 Disk Usage: 58.6%
2024-08-24 11:06:06,197 Bytes Sent: 222613379
2024-08-24 11:06:06,197 Bytes Received: 2865446794
2024-08-24 11:06:17,215 CPU Usage: 10.3%
2024-08-24 11:06:17,215 Memory Usage: 85.9%
2024-08-24 11:06:17,215 Disk Usage: 58.6%
2024-08-24 11:06:17,215 Bytes Sent: 222686129
2024-08-24 11:06:17,215 Bytes Received: 2869420527
2024-08-24 11:06:28,246 CPU Usage: 19.8%
2024-08-24 11:06:28,246 Memory Usage: 85.7%
2024-08-24 11:06:28,246 Disk Usage: 58.6%
2024-08-24 11:06:28,246 Bytes Sent: 222713926
2024-08-24 11:06:28,246 Bytes Received: 2869469132
2024-08-24 11:06:39,264 CPU Usage: 5.9%
2024-08-24 11:06:39,264 Memory Usage: 84.6%
2024-08-24 11:06:39,264 Disk Usage: 58.6%
2024-08-24 11:06:39,264 Bytes Sent: 222722085
2024-08-24 11:06:39,264 Bytes Received: 2869473288
2024-08-24 11:06:50,281 CPU Usage: 6.8%
2024-08-24 11:06:50,281 Memory Usage: 85.6%
2024-08-24 11:06:50,281 Disk Usage: 58.6%
2024-08-24 11:06:50,281 Bytes Sent: 222796304
2024-08-24 11:06:50,281 Bytes Received: 2869658437
2024-08-24 11:07:01,312 CPU Usage: 9.8%
2024-08-24 11:07:01,312 Memory Usage: 85.4%
2024-08-24 11:07:01,312 Disk Usage: 58.6%
2024-08-24 11:07:01,312 Bytes Sent: 222796510
2024-08-24 11:07:01,312 Bytes Received: 2869660576
2024-08-24 11:07:12,328 CPU Usage: 9.5%
2024-08-24 11:07:12,328 Memory Usage: 85.1%
2024-08-24 11:07:12,328 Disk Usage: 58.6%
2024-08-24 11:07:12,328 Bytes Sent: 222802554
2024-08-24 11:07:12,328 Bytes Received: 2869676832
2024-08-24 11:07:23,345 CPU Usage: 9.7%
2024-08-24 11:07:23,345 Memory Usage: 85.2%
2024-08-24 11:07:23,345 Disk Usage: 58.6%
2024-08-24 11:07:23,345 Bytes Sent: 222814165
2024-08-24 11:07:23,345 Bytes Received: 2869701515
2024-08-24 11:07:34,367 CPU Usage: 9.8%
2024-08-24 11:07:34,367 Memory Usage: 86.7%
2024-08-24 11:07:34,367 Disk Usage: 58.6%
2024-08-24 11:07:34,367 Bytes Sent: 222814275
2024-08-24 11:07:34,367 Bytes Received: 2869706336
2024-08-24 11:07:45,388 CPU Usage: 8.6%
2024-08-24 11:07:45,388 Memory Usage: 85.8%
2024-08-24 11:07:45,388 Disk Usage: 58.6%
2024-08-24 11:07:45,388 Bytes Sent: 222817464
2024-08-24 11:07:45,388 Bytes Received: 2869731476
2024-08-24 11:07:56,409 CPU Usage: 7.0%
2024-08-24 11:07:56,409 Memory Usage: 85.5%
2024-08-24 11:07:56,409 Disk Usage: 58.6%
2024-08-24 11:07:56,409 Bytes Sent: 222830003
2024-08-24 11:07:56,409 Bytes Received: 2869746691
2024-08-24 11:08:07,435 CPU Usage: 7.8%
2024-08-24 11:08:07,436 Memory Usage: 85.3%
2024-08-24 11:08:07,436 Disk Usage: 58.6%
2024-08-24 11:08:07,436 Bytes Sent: 222857604
2024-08-24 11:08:07,436 Bytes Received: 2869760786
2024-08-24 11:08:18,455 CPU Usage: 8.0%
2024-08-24 11:08:18,455 Memory Usage: 85.0%
2024-08-24 11:08:18,455 Disk Usage: 58.6%
2024-08-24 11:08:18,455 Bytes Sent: 222869981
2024-08-24 11:08:18,455 Bytes Received: 2869787520
2024-08-24 11:08:29,476 CPU Usage: 7.2%
2024-08-24 11:08:29,476 Memory Usage: 84.9%
2024-08-24 11:08:29,476 Disk Usage: 58.6%
2024-08-24 11:08:29,476 Bytes Sent: 222872979
2024-08-24 11:08:29,476 Bytes Received: 2869794082
2024-08-24 11:08:40,493 CPU Usage: 7.8%
2024-08-24 11:08:40,493 Memory Usage: 85.0%
2024-08-24 11:08:40,493 Disk Usage: 58.6%
2024-08-24 11:08:40,493 Bytes Sent: 222879176
2024-08-24 11:08:40,493 Bytes Received: 2869806843
2024-08-24 11:08:51,509 CPU Usage: 9.3%
2024-08-24 11:08:51,510 Memory Usage: 86.3%
2024-08-24 11:08:51,510 Disk Usage: 58.6%
2024-08-24 11:08:51,510 Bytes Sent: 222967787
2024-08-24 11:08:51,510 Bytes Received: 2869887420
2024-08-24 11:09:02,532 CPU Usage: 13.9%
2024-08-24 11:09:02,533 Memory Usage: 86.9%
2024-08-24 11:09:02,533 Disk Usage: 58.6%
2024-08-24 11:09:02,533 Bytes Sent: 223069867
2024-08-24 11:09:02,533 Bytes Received: 2871428089
2024-08-24 11:09:13,551 CPU Usage: 11.5%
2024-08-24 11:09:13,551 Memory Usage: 87.1%
2024-08-24 11:09:13,551 Disk Usage: 58.6%
2024-08-24 11:09:13,551 Bytes Sent: 223095856
2024-08-24 11:09:13,551 Bytes Received: 2872962978
2024-08-24 11:09:24,578 CPU Usage: 15.2%
2024-08-24 11:09:24,578 Memory Usage: 86.3%
2024-08-24 11:09:24,578 Disk Usage: 58.6%
2024-08-24 11:09:24,578 Bytes Sent: 223123457
2024-08-24 11:09:24,578 Bytes Received: 2878237230
2024-08-24 11:09:35,595 CPU Usage: 14.0%
2024-08-24 11:09:35,595 Memory Usage: 87.1%
2024-08-24 11:09:35,595 Disk Usage: 58.6%
2024-08-24 11:09:35,595 Bytes Sent: 223123567
2024-08-24 11:09:35,595 Bytes Received: 2878242977
2024-08-24 11:09:46,614 CPU Usage: 8.0%
2024-08-24 11:09:46,614 Memory Usage: 87.8%
2024-08-24 11:09:46,615 Disk Usage: 58.6%
2024-08-24 11:09:46,615 Bytes Sent: 223169500
2024-08-24 11:09:46,615 Bytes Received: 2879503342
2024-08-24 11:09:57,630 CPU Usage: 6.3%
2024-08-24 11:09:57,630 Memory Usage: 87.1%
2024-08-24 11:09:57,630 Disk Usage: 58.6%
2024-08-24 11:09:57,630 Bytes Sent: 223191550
2024-08-24 11:09:57,630 Bytes Received: 2879516486
2024-08-24 11:10:08,652 CPU Usage: 8.2%
2024-08-24 11:10:08,652 Memory Usage: 87.1%
2024-08-24 11:10:08,652 Disk Usage: 58.6%
2024-08-24 11:10:08,652 Bytes Sent: 223204441
2024-08-24 11:10:08,652 Bytes Received: 2879528328
2024-08-24 11:10:19,672 CPU Usage: 8.9%
2024-08-24 11:10:19,672 Memory Usage: 86.8%
2024-08-24 11:10:19,672 Disk Usage: 58.6%
2024-08-24 11:10:19,672 Bytes Sent: 223204759
2024-08-24 11:10:19,672 Bytes Received: 2879549133
2024-08-24 11:10:30,693 CPU Usage: 7.1%
2024-08-24 11:10:30,694 Memory Usage: 85.8%
2024-08-24 11:10:30,694 Disk Usage: 58.6%
2024-08-24 11:10:30,694 Bytes Sent: 223205111
2024-08-24 11:10:30,694 Bytes Received: 2879553601
2024-08-24 11:10:41,725 CPU Usage: 9.2%
2024-08-24 11:10:41,726 Memory Usage: 86.1%
2024-08-24 11:10:41,726 Disk Usage: 58.6%
2024-08-24 11:10:41,726 Bytes Sent: 223205372
2024-08-24 11:10:41,726 Bytes Received: 2879566002
2024-08-24 11:10:52,749 CPU Usage: 6.9%
2024-08-24 11:10:52,749 Memory Usage: 85.8%
2024-08-24 11:10:52,749 Disk Usage: 58.6%
2024-08-24 11:10:52,749 Bytes Sent: 223228019
2024-08-24 11:10:52,749 Bytes Received: 2879594897
2024-08-24 11:11:03,765 CPU Usage: 10.3%
2024-08-24 11:11:03,766 Memory Usage: 86.3%
2024-08-24 11:11:03,766 Disk Usage: 58.6%
2024-08-24 11:11:03,766 Bytes Sent: 223302186
2024-08-24 11:11:03,766 Bytes Received: 2881739844
2024-08-24 11:11:14,788 CPU Usage: 9.7%
2024-08-24 11:11:14,789 Memory Usage: 85.8%
2024-08-24 11:11:14,789 Disk Usage: 58.6%
2024-08-24 11:11:14,789 Bytes Sent: 223332436
2024-08-24 11:11:14,789 Bytes Received: 2882205095
2024-08-24 11:11:25,806 CPU Usage: 14.8%
2024-08-24 11:11:25,806 Memory Usage: 86.0%
2024-08-24 11:11:25,806 Disk Usage: 58.6%
2024-08-24 11:11:25,806 Bytes Sent: 223332587
2024-08-24 11:11:25,806 Bytes Received: 2882209397
2024-08-24 11:11:36,828 CPU Usage: 9.4%
2024-08-24 11:11:36,828 Memory Usage: 86.6%
2024-08-24 11:11:36,828 Disk Usage: 58.6%
2024-08-24 11:11:36,828 Bytes Sent: 223347104
2024-08-24 11:11:36,828 Bytes Received: 2882218625
2024-08-24 11:11:47,856 CPU Usage: 5.5%
2024-08-24 11:11:47,856 Memory Usage: 86.8%
2024-08-24 11:11:47,856 Disk Usage: 58.6%
2024-08-24 11:11:47,856 Bytes Sent: 223360219
2024-08-24 11:11:47,856 Bytes Received: 2882245121
2024-08-24 11:11:58,872 CPU Usage: 14.6%
2024-08-24 11:11:58,872 Memory Usage: 86.4%
2024-08-24 11:11:58,872 Disk Usage: 58.6%
2024-08-24 11:11:58,872 Bytes Sent: 223361963
2024-08-24 11:11:58,872 Bytes Received: 2882251437
2024-08-24 11:12:09,888 CPU Usage: 5.8%
2024-08-24 11:12:09,888 Memory Usage: 86.8%
2024-08-24 11:12:09,888 Disk Usage: 58.7%
2024-08-24 11:12:09,888 Bytes Sent: 223374441
2024-08-24 11:12:09,888 Bytes Received: 2882262277
2024-08-24 11:12:20,911 CPU Usage: 10.4%
2024-08-24 11:12:20,911 Memory Usage: 87.3%
2024-08-24 11:12:20,911 Disk Usage: 58.7%
2024-08-24 11:12:20,911 Bytes Sent: 223387782
2024-08-24 11:12:20,912 Bytes Received: 2882276140
2024-08-24 11:12:31,928 CPU Usage: 16.2%
2024-08-24 11:12:31,928 Memory Usage: 87.3%
2024-08-24 11:12:31,928 Disk Usage: 58.7%
2024-08-24 11:12:31,929 Bytes Sent: 223391291
2024-08-24 11:12:31,929 Bytes Received: 2882281266
2024-08-24 11:12:42,947 CPU Usage: 8.2%
2024-08-24 11:12:42,947 Memory Usage: 87.1%
2024-08-24 11:12:42,947 Disk Usage: 58.7%
2024-08-24 11:12:42,947 Bytes Sent: 223406807
2024-08-24 11:12:42,947 Bytes Received: 2882305885
2024-08-24 11:12:53,969 CPU Usage: 7.4%
2024-08-24 11:12:53,970 Memory Usage: 86.8%
2024-08-24 11:12:53,970 Disk Usage: 58.7%
2024-08-24 11:12:53,970 Bytes Sent: 223421493
2024-08-24 11:12:53,970 Bytes Received: 2882317369
2024-08-24 11:13:05,002 CPU Usage: 20.5%
2024-08-24 11:13:05,002 Memory Usage: 87.7%
2024-08-24 11:13:05,002 Disk Usage: 58.7%
2024-08-24 11:13:05,002 Bytes Sent: 223428533
2024-08-24 11:13:05,002 Bytes Received: 2882330884
2024-08-24 11:13:16,028 CPU Usage: 7.2%
2024-08-24 11:13:16,028 Memory Usage: 87.1%
2024-08-24 11:13:16,029 Disk Usage: 58.7%
2024-08-24 11:13:16,029 Bytes Sent: 223452189
2024-08-24 11:13:16,029 Bytes Received: 2882352629
2024-08-24 11:13:27,051 CPU Usage: 9.0%
2024-08-24 11:13:27,051 Memory Usage: 87.0%
2024-08-24 11:13:27,051 Disk Usage: 58.7%
2024-08-24 11:13:27,051 Bytes Sent: 223459793
2024-08-24 11:13:27,051 Bytes Received: 2882364857
2024-08-24 11:13:38,068 CPU Usage: 13.9%
2024-08-24 11:13:38,068 Memory Usage: 87.1%
2024-08-24 11:13:38,068 Disk Usage: 58.7%
2024-08-24 11:13:38,068 Bytes Sent: 223459956
2024-08-24 11:13:38,068 Bytes Received: 2882365928
2024-08-24 11:13:49,097 CPU Usage: 7.6%
2024-08-24 11:13:49,097 Memory Usage: 87.7%
2024-08-24 11:13:49,097 Disk Usage: 58.7%
2024-08-24 11:13:49,098 Bytes Sent: 223484968
2024-08-24 11:13:49,098 Bytes Received: 2882414840
2024-08-24 11:14:00,129 CPU Usage: 9.1%
2024-08-24 11:14:00,129 Memory Usage: 87.9%
2024-08-24 11:14:00,129 Disk Usage: 58.7%
2024-08-24 11:14:00,129 Bytes Sent: 223493245
2024-08-24 11:14:00,129 Bytes Received: 2882424940
2024-08-24 11:14:11,148 CPU Usage: 8.4%
2024-08-24 11:14:11,148 Memory Usage: 88.0%
2024-08-24 11:14:11,148 Disk Usage: 58.7%
2024-08-24 11:14:11,148 Bytes Sent: 223493287
2024-08-24 11:14:11,148 Bytes Received: 2882439089
2024-08-24 11:14:22,167 CPU Usage: 10.4%
2024-08-24 11:14:22,167 Memory Usage: 87.9%
2024-08-24 11:14:22,167 Disk Usage: 58.7%
2024-08-24 11:14:22,167 Bytes Sent: 223493784
2024-08-24 11:14:22,167 Bytes Received: 2882449321
2024-08-24 11:14:33,189 CPU Usage: 26.0%
2024-08-24 11:14:33,189 Memory Usage: 88.0%
2024-08-24 11:14:33,190 Disk Usage: 58.7%
2024-08-24 11:14:33,190 Bytes Sent: 223574701
2024-08-24 11:14:33,190 Bytes Received: 2884477184
2024-08-24 11:14:44,211 CPU Usage: 7.2%
2024-08-24 11:14:44,211 Memory Usage: 86.1%
2024-08-24 11:14:44,211 Disk Usage: 58.7%
2024-08-24 11:14:44,211 Bytes Sent: 223640497
2024-08-24 11:14:44,211 Bytes Received: 2889159331
2024-08-24 11:14:55,233 CPU Usage: 9.8%
2024-08-24 11:14:55,234 Memory Usage: 86.1%
2024-08-24 11:14:55,234 Disk Usage: 58.7%
2024-08-24 11:14:55,234 Bytes Sent: 223657358
2024-08-24 11:14:55,234 Bytes Received: 2889180316
2024-08-24 11:15:06,251 CPU Usage: 10.2%
2024-08-24 11:15:06,251 Memory Usage: 85.9%
2024-08-24 11:15:06,251 Disk Usage: 58.7%
2024-08-24 11:15:06,251 Bytes Sent: 223677150
2024-08-24 11:15:06,251 Bytes Received: 2889194501
2024-08-24 11:15:17,280 CPU Usage: 8.0%
2024-08-24 11:15:17,281 Memory Usage: 85.7%
2024-08-24 11:15:17,281 Disk Usage: 58.7%
2024-08-24 11:15:17,281 Bytes Sent: 223677398
2024-08-24 11:15:17,281 Bytes Received: 2889214382
2024-08-24 11:15:28,300 CPU Usage: 16.0%
2024-08-24 11:15:28,300 Memory Usage: 85.8%
2024-08-24 11:15:28,300 Disk Usage: 58.7%
2024-08-24 11:15:28,300 Bytes Sent: 223684236
2024-08-24 11:15:28,300 Bytes Received: 2889219409
2024-08-24 11:15:39,334 CPU Usage: 19.6%
2024-08-24 11:15:39,334 Memory Usage: 85.8%
2024-08-24 11:15:39,334 Disk Usage: 58.7%
2024-08-24 11:15:39,334 Bytes Sent: 223766003
2024-08-24 11:15:39,334 Bytes Received: 2891993317
2024-08-24 11:15:50,363 CPU Usage: 9.0%
2024-08-24 11:15:50,364 Memory Usage: 85.6%
2024-08-24 11:15:50,364 Disk Usage: 58.7%
2024-08-24 11:15:50,364 Bytes Sent: 223778594
2024-08-24 11:15:50,364 Bytes Received: 2892019419
2024-08-24 11:16:01,383 CPU Usage: 7.6%
2024-08-24 11:16:01,384 Memory Usage: 85.6%
2024-08-24 11:16:01,384 Disk Usage: 58.7%
2024-08-24 11:16:01,384 Bytes Sent: 223778745
2024-08-24 11:16:01,384 Bytes Received: 2892021438
2024-08-24 11:16:12,401 CPU Usage: 7.8%
2024-08-24 11:16:12,401 Memory Usage: 87.8%
2024-08-24 11:16:12,401 Disk Usage: 58.7%
2024-08-24 11:16:12,401 Bytes Sent: 223789576
2024-08-24 11:16:12,401 Bytes Received: 2892115246
2024-08-24 11:16:23,419 CPU Usage: 6.8%
2024-08-24 11:16:23,419 Memory Usage: 87.9%
2024-08-24 11:16:23,419 Disk Usage: 58.7%
2024-08-24 11:16:23,419 Bytes Sent: 223811947
2024-08-24 11:16:23,419 Bytes Received: 2892230575
2024-08-24 11:16:34,438 CPU Usage: 11.3%
2024-08-24 11:16:34,438 Memory Usage: 87.2%
2024-08-24 11:16:34,438 Disk Usage: 58.7%
2024-08-24 11:16:34,438 Bytes Sent: 223826257
2024-08-24 11:16:34,438 Bytes Received: 2892284764
2024-08-24 11:16:45,456 CPU Usage: 7.8%
2024-08-24 11:16:45,456 Memory Usage: 89.1%
2024-08-24 11:16:45,456 Disk Usage: 58.7%
2024-08-24 11:16:45,456 Bytes Sent: 223833594
2024-08-24 11:16:45,456 Bytes Received: 2892447486
2024-08-24 11:16:56,471 CPU Usage: 10.7%
2024-08-24 11:16:56,471 Memory Usage: 87.7%
2024-08-24 11:16:56,471 Disk Usage: 58.7%
2024-08-24 11:16:56,471 Bytes Sent: 223846842
2024-08-24 11:16:56,471 Bytes Received: 2892472603
2024-08-24 11:17:07,489 CPU Usage: 9.8%
2024-08-24 11:17:07,489 Memory Usage: 87.8%
2024-08-24 11:17:07,489 Disk Usage: 58.7%
2024-08-24 11:17:07,489 Bytes Sent: 223973902
2024-08-24 11:17:07,489 Bytes Received: 2907069494
2024-08-24 11:17:18,512 CPU Usage: 15.8%
2024-08-24 11:17:18,512 Memory Usage: 88.7%
2024-08-24 11:17:18,512 Disk Usage: 58.7%
2024-08-24 11:17:18,512 Bytes Sent: 223974160
2024-08-24 11:17:18,512 Bytes Received: 2907090097
2024-08-24 11:17:29,536 CPU Usage: 7.5%
2024-08-24 11:17:29,536 Memory Usage: 88.2%
2024-08-24 11:17:29,536 Disk Usage: 58.7%
2024-08-24 11:17:29,536 Bytes Sent: 223976189
2024-08-24 11:17:29,536 Bytes Received: 2907100120
2024-08-24 11:17:40,553 CPU Usage: 8.0%
2024-08-24 11:17:40,553 Memory Usage: 89.2%
2024-08-24 11:17:40,553 Disk Usage: 58.7%
2024-08-24 11:17:40,553 Bytes Sent: 223984013
2024-08-24 11:17:40,553 Bytes Received: 2907181297
2024-08-24 11:17:51,569 CPU Usage: 8.3%
2024-08-24 11:17:51,569 Memory Usage: 89.1%
2024-08-24 11:17:51,569 Disk Usage: 58.7%
2024-08-24 11:17:51,569 Bytes Sent: 223992236
2024-08-24 11:17:51,569 Bytes Received: 2907224385
2024-08-24 11:18:02,599 CPU Usage: 15.4%
2024-08-24 11:18:02,599 Memory Usage: 88.7%
2024-08-24 11:18:02,599 Disk Usage: 58.7%
2024-08-24 11:18:02,599 Bytes Sent: 224001434
2024-08-24 11:18:02,599 Bytes Received: 2907256755
2024-08-24 11:18:13,624 CPU Usage: 10.3%
2024-08-24 11:18:13,624 Memory Usage: 89.2%
2024-08-24 11:18:13,624 Disk Usage: 58.7%
2024-08-24 11:18:13,624 Bytes Sent: 224019256
2024-08-24 11:18:13,624 Bytes Received: 2909814866
2024-08-24 11:18:24,646 CPU Usage: 10.1%
2024-08-24 11:18:24,646 Memory Usage: 88.3%
2024-08-24 11:18:24,646 Disk Usage: 58.7%
2024-08-24 11:18:24,646 Bytes Sent: 224025985
2024-08-24 11:18:24,646 Bytes Received: 2909823250
2024-08-24 11:18:35,682 CPU Usage: 14.4%
2024-08-24 11:18:35,683 Memory Usage: 88.7%
2024-08-24 11:18:35,683 Disk Usage: 58.7%
2024-08-24 11:18:35,683 Bytes Sent: 224026093
2024-08-24 11:18:35,683 Bytes Received: 2909827993
2024-08-24 11:18:46,704 CPU Usage: 7.2%
2024-08-24 11:18:46,704 Memory Usage: 89.1%
2024-08-24 11:18:46,704 Disk Usage: 58.7%
2024-08-24 11:18:46,704 Bytes Sent: 224045154
2024-08-24 11:18:46,704 Bytes Received: 2909864698
2024-08-24 11:18:57,723 CPU Usage: 8.3%
2024-08-24 11:18:57,724 Memory Usage: 89.2%
2024-08-24 11:18:57,724 Disk Usage: 58.7%
2024-08-24 11:18:57,724 Bytes Sent: 224050975
2024-08-24 11:18:57,724 Bytes Received: 2909871164
2024-08-24 11:19:08,742 CPU Usage: 8.2%
2024-08-24 11:19:08,743 Memory Usage: 89.1%
2024-08-24 11:19:08,743 Disk Usage: 58.7%
2024-08-24 11:19:08,743 Bytes Sent: 224051127
2024-08-24 11:19:08,743 Bytes Received: 2909875118
2024-08-24 11:19:19,760 CPU Usage: 12.0%
2024-08-24 11:19:19,760 Memory Usage: 89.0%
2024-08-24 11:19:19,760 Disk Usage: 58.7%
2024-08-24 11:19:19,760 Bytes Sent: 224059221
2024-08-24 11:19:19,760 Bytes Received: 2909906098
2024-08-24 11:19:30,783 CPU Usage: 15.8%
2024-08-24 11:19:30,783 Memory Usage: 89.7%
2024-08-24 11:19:30,783 Disk Usage: 58.7%
2024-08-24 11:19:30,783 Bytes Sent: 224068570
2024-08-24 11:19:30,783 Bytes Received: 2909943674
2024-08-24 11:19:41,801 CPU Usage: 8.7%
2024-08-24 11:19:41,801 Memory Usage: 89.3%
2024-08-24 11:19:41,802 Disk Usage: 58.7%
2024-08-24 11:19:41,802 Bytes Sent: 224072503
2024-08-24 11:19:41,802 Bytes Received: 2909960635
2024-08-24 11:19:52,817 CPU Usage: 11.2%
2024-08-24 11:19:52,818 Memory Usage: 88.8%
2024-08-24 11:19:52,818 Disk Usage: 58.7%
2024-08-24 11:19:52,818 Bytes Sent: 224078396
2024-08-24 11:19:52,818 Bytes Received: 2909982771
2024-08-24 11:20:03,837 CPU Usage: 9.8%
2024-08-24 11:20:03,837 Memory Usage: 89.0%
2024-08-24 11:20:03,837 Disk Usage: 58.7%
2024-08-24 11:20:03,837 Bytes Sent: 224084308
2024-08-24 11:20:03,837 Bytes Received: 2909984109
2024-08-24 11:20:14,867 CPU Usage: 12.8%
2024-08-24 11:20:14,867 Memory Usage: 88.9%
2024-08-24 11:20:14,867 Disk Usage: 58.7%
2024-08-24 11:20:14,867 Bytes Sent: 224084512
2024-08-24 11:20:14,867 Bytes Received: 2910008788
2024-08-24 11:20:25,885 CPU Usage: 9.6%
2024-08-24 11:20:25,885 Memory Usage: 88.6%
2024-08-24 11:20:25,885 Disk Usage: 58.7%
2024-08-24 11:20:25,885 Bytes Sent: 224097911
2024-08-24 11:20:25,885 Bytes Received: 2910019232
2024-08-24 11:20:36,907 CPU Usage: 9.3%
2024-08-24 11:20:36,907 Memory Usage: 88.4%
2024-08-24 11:20:36,907 Disk Usage: 58.7%
2024-08-24 11:20:36,907 Bytes Sent: 224106495
2024-08-24 11:20:36,909 Bytes Received: 2910035677
2024-08-24 11:20:47,930 CPU Usage: 9.7%
2024-08-24 11:20:47,931 Memory Usage: 88.7%
2024-08-24 11:20:47,931 Disk Usage: 58.7%
2024-08-24 11:20:47,931 Bytes Sent: 224120770
2024-08-24 11:20:47,931 Bytes Received: 2910068519
